e:\cs homework\2013 spring\james' timetagger\james' timetagger\james' timetagger\debug\vc140.pdb
e:\cs homework\2013 spring\james' timetagger\james' timetagger\james' timetagger\debug\assemblyinfo.obj
e:\cs homework\2013 spring\james' timetagger\james' timetagger\james' timetagger\debug\jtt_utility.obj
e:\cs homework\2013 spring\james' timetagger\james' timetagger\james' timetagger\debug\jtt_timetag.obj
e:\cs homework\2013 spring\james' timetagger\james' timetagger\james' timetagger\debug\jtt_stringqueue.obj
e:\cs homework\2013 spring\james' timetagger\james' timetagger\james' timetagger\debug\jtt_intqueue.obj
e:\cs homework\2013 spring\james' timetagger\james' timetagger\james' timetagger\debug\jtt_charqueue.obj
e:\cs homework\2013 spring\james' timetagger\james' timetagger\james' timetagger\debug\james' timetagger.obj
e:\cs homework\2013 spring\james' timetagger\james' timetagger\james' timetagger\debug\.netframework,version=v4.5.2.assemblyattributes.obj
e:\cs homework\2013 spring\james' timetagger\james' timetagger\james' timetagger\debug\.netframework,version=v4.5.2.assemblyattributes.asm
e:\cs homework\2013 spring\james' timetagger\james' timetagger\debug\james' timetagger.exe
e:\cs homework\2013 spring\james' timetagger\james' timetagger\debug\james' timetagger.pdb
e:\cs homework\2013 spring\james' timetagger\james' timetagger\james' timetagger\debug\app.res
e:\cs homework\2013 spring\james' timetagger\james' timetagger\james' timetagger\debug\james' timetagger.vcxprojresolveassemblyreference.cache
e:\cs homework\2013 spring\james' timetagger\james' timetagger\james' timetagger\debug\james' t.49d16e4d.tlog\cl.command.1.tlog
e:\cs homework\2013 spring\james' timetagger\james' timetagger\james' timetagger\debug\james' t.49d16e4d.tlog\cl.read.1.tlog
e:\cs homework\2013 spring\james' timetagger\james' timetagger\james' timetagger\debug\james' t.49d16e4d.tlog\cl.write.1.tlog
e:\cs homework\2013 spring\james' timetagger\james' timetagger\james' timetagger\debug\james' t.49d16e4d.tlog\link.command.1.tlog
e:\cs homework\2013 spring\james' timetagger\james' timetagger\james' timetagger\debug\james' t.49d16e4d.tlog\link.read.1.tlog
e:\cs homework\2013 spring\james' timetagger\james' timetagger\james' timetagger\debug\james' t.49d16e4d.tlog\link.write.1.tlog
e:\cs homework\2013 spring\james' timetagger\james' timetagger\james' timetagger\debug\james' t.49d16e4d.tlog\metagen.read.1.tlog
e:\cs homework\2013 spring\james' timetagger\james' timetagger\james' timetagger\debug\james' t.49d16e4d.tlog\metagen.write.1.tlog
e:\cs homework\2013 spring\james' timetagger\james' timetagger\james' timetagger\debug\james' t.49d16e4d.tlog\rc.command.1.tlog
e:\cs homework\2013 spring\james' timetagger\james' timetagger\james' timetagger\debug\james' t.49d16e4d.tlog\rc.read.1.tlog
e:\cs homework\2013 spring\james' timetagger\james' timetagger\james' timetagger\debug\james' t.49d16e4d.tlog\rc.write.1.tlog
e:\cs homework\2013 spring\james' timetagger\james' timetagger\james' timetagger\debug\james' t.49d16e4d.tlog\tzres.dll.bi
